c:\users\karee\source\repos\myfirstmfcapp\myfirstmfcapp\debug\myfirstmfcapp.pch
c:\users\karee\source\repos\myfirstmfcapp\myfirstmfcapp\debug\vc141.pdb
c:\users\karee\source\repos\myfirstmfcapp\myfirstmfcapp\debug\vc141.idb
c:\users\karee\source\repos\myfirstmfcapp\myfirstmfcapp\debug\pch.obj
c:\users\karee\source\repos\myfirstmfcapp\myfirstmfcapp\debug\myfirstmfcappview.obj
c:\users\karee\source\repos\myfirstmfcapp\myfirstmfcapp\debug\myfirstmfcappdoc.obj
c:\users\karee\source\repos\myfirstmfcapp\myfirstmfcapp\debug\myfirstmfcapp.obj
c:\users\karee\source\repos\myfirstmfcapp\myfirstmfcapp\debug\mainfrm.obj
c:\users\karee\source\repos\myfirstmfcapp\myfirstmfcapp\debug\coptionsdialogue.obj
c:\users\karee\source\repos\myfirstmfcapp\debug\myfirstmfcapp.ilk
c:\users\karee\source\repos\myfirstmfcapp\debug\myfirstmfcapp.exe
c:\users\karee\source\repos\myfirstmfcapp\debug\myfirstmfcapp.pdb
c:\users\karee\source\repos\myfirstmfcapp\myfirstmfcapp\debug\myfirstmfcapp.res
c:\users\karee\source\repos\myfirstmfcapp\myfirstmfcapp\debug\myfirstmfcapp.tlog\cl.command.1.tlog
c:\users\karee\source\repos\myfirstmfcapp\myfirstmfcapp\debug\myfirstmfcapp.tlog\cl.read.1.tlog
c:\users\karee\source\repos\myfirstmfcapp\myfirstmfcapp\debug\myfirstmfcapp.tlog\cl.write.1.tlog
c:\users\karee\source\repos\myfirstmfcapp\myfirstmfcapp\debug\myfirstmfcapp.tlog\link.command.1.tlog
c:\users\karee\source\repos\myfirstmfcapp\myfirstmfcapp\debug\myfirstmfcapp.tlog\link.read.1.tlog
c:\users\karee\source\repos\myfirstmfcapp\myfirstmfcapp\debug\myfirstmfcapp.tlog\link.write.1.tlog
c:\users\karee\source\repos\myfirstmfcapp\myfirstmfcapp\debug\myfirstmfcapp.tlog\rc.command.1.tlog
c:\users\karee\source\repos\myfirstmfcapp\myfirstmfcapp\debug\myfirstmfcapp.tlog\rc.read.1.tlog
c:\users\karee\source\repos\myfirstmfcapp\myfirstmfcapp\debug\myfirstmfcapp.tlog\rc.write.1.tlog
